<?xml version="1.0" encoding="UTF-8"?>
<!-- Generated by org.testng.reporters.JUnitReportReporter -->
<testsuite hostname="DESKTOP-4LOJOA7" name="Arrays.facebook" tests="1" failures="0" timestamp="28 Nov 2022 07:38:04 GMT" time="12.385" errors="0">
  <testcase name="Facebook_LogIn" time="12.385" classname="Arrays.facebook"/>
</testsuite> <!-- Arrays.facebook -->
